<?xml version="1.0" encoding="UTF-8"?>
<!-- Generated by org.testng.reporters.JUnitReportReporter -->
<testsuite hostname="Slomos-MacBook-Pro.local" failures="0" tests="4" name="options.TestRunner" time="204.274" errors="0" timestamp="2022-03-22T11:34:17 EDT" skipped="0">
  <testcase classname="options.TestRunner" name="runScenario" time="37.091"/>
  <system-out/>
  <testcase classname="options.TestRunner" name="runScenario" time="31.482"/>
  <system-out/>
  <testcase classname="options.TestRunner" name="runScenario" time="90.830"/>
  <system-out/>
  <testcase classname="options.TestRunner" name="runScenario" time="44.871"/>
  <system-out/>
</testsuite> <!-- options.TestRunner -->
