<?xml version="1.0" encoding="UTF-8"?>
<!-- Generated by org.testng.reporters.JUnitReportReporter -->
<testsuite hostname="Slomos-MacBook-Pro.local" failures="0" tests="1" name="options.TestRunnerTest" time="0.016" errors="0" timestamp="2022-03-22T10:27:10 EDT" skipped="0">
  <testcase classname="options.TestRunnerTest" name="f" time="0.016"/>
  <system-out/>
</testsuite> <!-- options.TestRunnerTest -->
