<?xml version="1.0" encoding="UTF-8"?>
<!-- Generated by org.testng.reporters.JUnitReportReporter -->
<testsuite hostname="Slomos-MacBook-Pro.local" failures="0" tests="4" name="options.TestRunner" time="201.117" errors="0" timestamp="2022-03-22T11:58:14 EDT" skipped="0">
  <testcase classname="options.TestRunner" name="runScenario" time="41.051"/>
  <system-out/>
  <testcase classname="options.TestRunner" name="runScenario" time="43.377"/>
  <system-out/>
  <testcase classname="options.TestRunner" name="runScenario" time="49.600"/>
  <system-out/>
  <testcase classname="options.TestRunner" name="runScenario" time="67.089"/>
  <system-out/>
</testsuite> <!-- options.TestRunner -->
